<?xml version="1.0" encoding="UTF-8"?>
<!-- Generated by org.testng.reporters.JUnitReportReporter -->
<testsuite hostname="Susarithas-MacBook-Pro.local" failures="0" tests="7" name="com.webshop.tests.loginPageTests" time="6.674" errors="1" timestamp="2024-09-30T07:41:52 PDT" skipped="5">
  <testcase classname="com.webshop.tests.loginPageTests" name="testReport" time="6.671"/>
  <testcase classname="com.webshop.tests.loginPageTests" name="tearDown" time="0.003">
    <error message="Unresolved compilation problem: 
	The method fail(String, Throwable) in the type Assert is not applicable for the arguments (String, MediaEntityModelProvider)
" type="java.lang.Error">
      <![CDATA[java.lang.Error: Unresolved compilation problem: 
The method fail(String, Throwable) in the type Assert is not applicable for the arguments (String, MediaEntityModelProvider)

at com.webshop.tests.baseTest.tearDown(baseTest.java:53)
at java.base/jdk.internal.reflect.NativeMethodAccessorImpl.invoke0(Native Method)
at java.base/jdk.internal.reflect.NativeMethodAccessorImpl.invoke(NativeMethodAccessorImpl.java:77)
at java.base/jdk.internal.reflect.DelegatingMethodAccessorImpl.invoke(DelegatingMethodAccessorImpl.java:43)
at java.base/java.lang.reflect.Method.invoke(Method.java:568)
at org.testng.internal.invokers.MethodInvocationHelper.invokeMethod(MethodInvocationHelper.java:141)
at org.testng.internal.invokers.MethodInvocationHelper.invokeMethodConsideringTimeout(MethodInvocationHelper.java:71)
at org.testng.internal.invokers.ConfigInvoker.invokeConfigurationMethod(ConfigInvoker.java:400)
at org.testng.internal.invokers.ConfigInvoker.invokeConfigurations(ConfigInvoker.java:333)
at org.testng.internal.invokers.TestInvoker.runConfigMethods(TestInvoker.java:833)
at org.testng.internal.invokers.TestInvoker.runAfterConfigurations(TestInvoker.java:802)
at org.testng.internal.invokers.TestInvoker.invokeMethod(TestInvoker.java:778)
at org.testng.internal.invokers.TestInvoker.invokeTestMethod(TestInvoker.java:230)
at org.testng.internal.invokers.MethodRunner.runInSequence(MethodRunner.java:63)
at org.testng.internal.invokers.TestInvoker$MethodInvocationAgent.invoke(TestInvoker.java:992)
at org.testng.internal.invokers.TestInvoker.invokeTestMethods(TestInvoker.java:203)
at org.testng.internal.invokers.TestMethodWorker.invokeTestMethods(TestMethodWorker.java:154)
at org.testng.internal.invokers.TestMethodWorker.run(TestMethodWorker.java:134)
at java.base/java.util.ArrayList.forEach(ArrayList.java:1511)
at org.testng.TestRunner.privateRun(TestRunner.java:739)
at org.testng.TestRunner.run(TestRunner.java:614)
at org.testng.SuiteRunner.runTest(SuiteRunner.java:421)
at org.testng.SuiteRunner.runSequentially(SuiteRunner.java:413)
at org.testng.SuiteRunner.privateRun(SuiteRunner.java:373)
at org.testng.SuiteRunner.run(SuiteRunner.java:312)
at org.testng.SuiteRunnerWorker.runSuite(SuiteRunnerWorker.java:52)
at org.testng.SuiteRunnerWorker.run(SuiteRunnerWorker.java:95)
at org.testng.TestNG.runSuitesSequentially(TestNG.java:1274)
at org.testng.TestNG.runSuitesLocally(TestNG.java:1208)
at org.testng.TestNG.runSuites(TestNG.java:1112)
at org.testng.TestNG.run(TestNG.java:1079)
at org.testng.remote.AbstractRemoteTestNG.run(AbstractRemoteTestNG.java:115)
at org.testng.remote.RemoteTestNG.initAndRun(RemoteTestNG.java:293)
at org.testng.remote.RemoteTestNG.main(RemoteTestNG.java:91)
]]>
    </error>
  </testcase> <!-- tearDown -->
  <testcase classname="com.webshop.tests.loginPageTests" name="testWelcomeSignIn" time="0.000">
    <skipped/>
  </testcase> <!-- testWelcomeSignIn -->
  <testcase classname="com.webshop.tests.loginPageTests" name="testForgotPassword" time="0.000">
    <skipped/>
  </testcase> <!-- testForgotPassword -->
  <testcase classname="com.webshop.tests.loginPageTests" name="testLoginFunction" time="0.000">
    <skipped/>
  </testcase> <!-- testLoginFunction -->
  <testcase classname="com.webshop.tests.loginPageTests" name="testPageTitle" time="0.000">
    <skipped/>
  </testcase> <!-- testPageTitle -->
  <testcase classname="com.webshop.tests.loginPageTests" name="testInvalidCredentials" time="0.000">
    <skipped/>
  </testcase> <!-- testInvalidCredentials -->
</testsuite> <!-- com.webshop.tests.loginPageTests -->
