<?xml version="1.0" encoding="UTF-8"?>
<!-- Generated by org.testng.reporters.JUnitReportReporter -->
<testsuite hostname="Susarithas-MacBook-Pro.local" failures="0" tests="1" name="com.webshop.base.driverScript" time="5.622" errors="0" timestamp="2024-09-23T16:43:47 PDT" skipped="0">
  <testcase classname="com.webshop.base.driverScript" name="initApplication" time="5.622"/>
</testsuite> <!-- com.webshop.base.driverScript -->
